<!DOCTYPE html PUBLIC "-//W3C//DTD XHTML 1.1//EN" "https://www.w3.org/TR/xhtml11/DTD/xhtml11.dtd">
<html xmlns="https://www.w3.org/1999/xhtml">
<head>
<meta http-equiv="content-type" content="text/html; charset=UTF-8"/>
<title>TestNG Report</title>
<style type="text/css">table {margin-bottom:10px;border-collapse:collapse;empty-cells:show}th,td {border:1px solid #009;padding:.25em .5em}th {vertical-align:bottom}td {vertical-align:top}table a {font-weight:bold}.stripe td {background-color: #E6EBF9}.num {text-align:right}.passedodd td {background-color: #3F3}.passedeven td {background-color: #0A0}.skippedodd td {background-color: #DDD}.skippedeven td {background-color: #CCC}.failedodd td,.attn {background-color: #F33}.failedeven td,.stripe .attn {background-color: #D00}.stacktrace {white-space:pre;font-family:monospace}.totop {font-size:85%;text-align:center;border-bottom:2px solid #000}.invisible {display:none}</style>
</head>
<body>
<table>
<tr><th>Test</th><th># Passed</th><th># Skipped</th><th># Retried</th><th># Failed</th><th>Time (ms)</th><th>Included Groups</th><th>Excluded Groups</th></tr>
<tr><th colspan="8">Open Cart Test Regression PW Suite</th></tr>
<tr><td><a href="#t0">Test_suite_chromium</a></td><td class="num">7</td><td class="num">0</td><td class="num">0</td><td class="num">0</td><td class="num">53 232</td><td></td><td></td></tr>
<tr class="stripe"><td><a href="#t1">Test_suite_edge</a></td><td class="num">2</td><td class="num">0</td><td class="num">0</td><td class="num attn">5</td><td class="num">164 691</td><td></td><td></td></tr>
<tr><th>Total</th><th class="num">9</th><th class="num">0</th><th class="num">0</th><th class="num attn">5</th><th class="num">217 923</th><th colspan="2"></th></tr>
</table>
<table id='summary'><thead><tr><th>Class</th><th>Method</th><th>Start</th><th>Time (ms)</th></tr></thead><tbody><tr><th colspan="4">Open Cart Test Regression PW Suite</th></tr></tbody><tbody id="t0"><tr><th colspan="4">Test_suite_chromium &#8212; passed</th></tr><tr class="passedeven"><td rowspan="7">tests.TestRunner</td><td><a href="#m0">LOGOUT</a></td><td rowspan="1">1673278077639</td><td rowspan="1">501</td></tr><tr class="passedeven"><td><a href="#m1">addToCartTest</a></td><td rowspan="2">1673278047274</td><td rowspan="2">2668</td></tr><tr class="passedeven"><td><a href="#m2">addToCartTest</a></td></tr><tr class="passedeven"><td><a href="#m3">loginPageNavigationTest</a></td><td rowspan="1">1673278036099</td><td rowspan="1">6021</td></tr><tr class="passedeven"><td><a href="#m4">searchTest</a></td><td rowspan="1">1673278042138</td><td rowspan="1">2281</td></tr><tr class="passedeven"><td><a href="#m5">suppressFromCartTest</a></td><td rowspan="2">1673278049990</td><td rowspan="2">14326</td></tr><tr class="passedeven"><td><a href="#m6">suppressFromCartTest</a></td></tr></tbody>
<tbody id="t1"><tr><th colspan="4">Test_suite_edge &#8212; failed</th></tr><tr class="failedeven"><td rowspan="5">tests.TestRunner</td><td><a href="#m7">LOGOUT</a></td><td rowspan="1">1673278182589</td><td rowspan="1">5026</td></tr><tr class="failedeven"><td><a href="#m8">addToCartTest</a></td><td rowspan="2">1673278141867</td><td rowspan="2">30092</td></tr><tr class="failedeven"><td><a href="#m9">addToCartTest</a></td></tr><tr class="failedeven"><td><a href="#m10">suppressFromCartTest</a></td><td rowspan="2">1673278177296</td><td rowspan="2">5215</td></tr><tr class="failedeven"><td><a href="#m11">suppressFromCartTest</a></td></tr><tr><th colspan="4">Test_suite_edge &#8212; passed</th></tr><tr class="passedeven"><td rowspan="2">tests.TestRunner</td><td><a href="#m12">loginPageNavigationTest</a></td><td rowspan="1">1673278046035</td><td rowspan="1">63270</td></tr><tr class="passedeven"><td><a href="#m13">searchTest</a></td><td rowspan="1">1673278109309</td><td rowspan="1">2208</td></tr></tbody>
</table>
<h2>Test_suite_chromium</h2><h3 id="m0">tests.TestRunner#LOGOUT</h3><table class="result"><tr><th class="invisible"/></tr></table><p class="totop"><a href="#summary">back to summary</a></p>
<h3 id="m1">tests.TestRunner#addToCartTest</h3><table class="result"><tr class="param"><th>Parameter #1</th><th>Parameter #2</th></tr><tr class="param stripe"><td>Chaussures Hommes de Ville</td><td>3</td></tr></table><p class="totop"><a href="#summary">back to summary</a></p>
<h3 id="m2">tests.TestRunner#addToCartTest</h3><table class="result"><tr class="param"><th>Parameter #1</th><th>Parameter #2</th></tr><tr class="param stripe"><td>T-shirt en coton biologique</td><td>3</td></tr></table><p class="totop"><a href="#summary">back to summary</a></p>
<h3 id="m3">tests.TestRunner#loginPageNavigationTest</h3><table class="result"><tr><th class="invisible"/></tr></table><p class="totop"><a href="#summary">back to summary</a></p>
<h3 id="m4">tests.TestRunner#searchTest</h3><table class="result"><tr class="param"><th>Parameter #1</th></tr><tr class="param stripe"><td>T-shirt</td></tr></table><p class="totop"><a href="#summary">back to summary</a></p>
<h3 id="m5">tests.TestRunner#suppressFromCartTest</h3><table class="result"><tr class="param"><th>Parameter #1</th><th>Parameter #2</th></tr><tr class="param stripe"><td>T-shirt en coton biologique</td><td>3</td></tr></table><p class="totop"><a href="#summary">back to summary</a></p>
<h3 id="m6">tests.TestRunner#suppressFromCartTest</h3><table class="result"><tr class="param"><th>Parameter #1</th><th>Parameter #2</th></tr><tr class="param stripe"><td>Chaussures Hommes de Ville</td><td>3</td></tr></table><p class="totop"><a href="#summary">back to summary</a></p>
<h2>Test_suite_edge</h2><h3 id="m7">tests.TestRunner#LOGOUT</h3><table class="result"><tr><th>Exception</th></tr><tr><td><div class="stacktrace">java.lang.AssertionError: Impossible de cliquer sur le boutton déconnexion
	at tests.TestRunner.LOGOUT(TestRunner.java:167)
	at java.base/java.util.ArrayList.forEach(ArrayList.java:1511)
	at java.base/java.util.concurrent.FutureTask.run(FutureTask.java:264)
	at java.base/java.util.concurrent.ThreadPoolExecutor.runWorker(ThreadPoolExecutor.java:1136)
	at java.base/java.util.concurrent.ThreadPoolExecutor$Worker.run(ThreadPoolExecutor.java:635)
	at java.base/java.lang.Thread.run(Thread.java:833)
... Removed 18 stack frames</div></td></tr></table><p class="totop"><a href="#summary">back to summary</a></p>
<h3 id="m8">tests.TestRunner#addToCartTest</h3><table class="result"><tr class="param"><th>Parameter #1</th><th>Parameter #2</th></tr><tr class="param stripe"><td>Chaussures Hommes de Ville</td><td>3</td></tr><tr><th colspan="2">Exception</th></tr><tr><td colspan="2"><div class="stacktrace">java.lang.AssertionError: Article inexistant ou non localisable expected [true] but found [false]
	at tests.TestRunner.addToCartTest(TestRunner.java:140)
	at java.base/java.util.ArrayList.forEach(ArrayList.java:1511)
	at java.base/java.util.concurrent.FutureTask.run(FutureTask.java:264)
	at java.base/java.util.concurrent.ThreadPoolExecutor.runWorker(ThreadPoolExecutor.java:1136)
	at java.base/java.util.concurrent.ThreadPoolExecutor$Worker.run(ThreadPoolExecutor.java:635)
	at java.base/java.lang.Thread.run(Thread.java:833)
... Removed 20 stack frames</div></td></tr></table><p class="totop"><a href="#summary">back to summary</a></p>
<h3 id="m9">tests.TestRunner#addToCartTest</h3><table class="result"><tr class="param"><th>Parameter #1</th><th>Parameter #2</th></tr><tr class="param stripe"><td>T-shirt en coton biologique</td><td>3</td></tr><tr><th colspan="2">Exception</th></tr><tr><td colspan="2"><div class="stacktrace">java.lang.AssertionError: Article inexistant ou non localisable expected [true] but found [false]
	at tests.TestRunner.addToCartTest(TestRunner.java:140)
	at java.base/java.util.ArrayList.forEach(ArrayList.java:1511)
	at java.base/java.util.concurrent.FutureTask.run(FutureTask.java:264)
	at java.base/java.util.concurrent.ThreadPoolExecutor.runWorker(ThreadPoolExecutor.java:1136)
	at java.base/java.util.concurrent.ThreadPoolExecutor$Worker.run(ThreadPoolExecutor.java:635)
	at java.base/java.lang.Thread.run(Thread.java:833)
... Removed 20 stack frames</div></td></tr></table><p class="totop"><a href="#summary">back to summary</a></p>
<h3 id="m10">tests.TestRunner#suppressFromCartTest</h3><table class="result"><tr class="param"><th>Parameter #1</th><th>Parameter #2</th></tr><tr class="param stripe"><td>Chaussures Hommes de Ville</td><td>3</td></tr><tr><th colspan="2">Exception</th></tr><tr><td colspan="2"><div class="stacktrace">java.lang.AssertionError: Impossible de supprimer l&apos;article
	at Pages.HomePage.DeleteFromCart(HomePage.java:254)
	at tests.TestRunner.suppressFromCartTest(TestRunner.java:152)
	at java.base/java.util.ArrayList.forEach(ArrayList.java:1511)
	at java.base/java.util.concurrent.FutureTask.run(FutureTask.java:264)
	at java.base/java.util.concurrent.ThreadPoolExecutor.runWorker(ThreadPoolExecutor.java:1136)
	at java.base/java.util.concurrent.ThreadPoolExecutor$Worker.run(ThreadPoolExecutor.java:635)
	at java.base/java.lang.Thread.run(Thread.java:833)
... Removed 18 stack frames</div></td></tr></table><p class="totop"><a href="#summary">back to summary</a></p>
<h3 id="m11">tests.TestRunner#suppressFromCartTest</h3><table class="result"><tr class="param"><th>Parameter #1</th><th>Parameter #2</th></tr><tr class="param stripe"><td>T-shirt en coton biologique</td><td>3</td></tr><tr><th colspan="2">Exception</th></tr><tr><td colspan="2"><div class="stacktrace">java.lang.AssertionError: Impossible de supprimer l&apos;article
	at Pages.HomePage.DeleteFromCart(HomePage.java:254)
	at tests.TestRunner.suppressFromCartTest(TestRunner.java:152)
	at java.base/java.util.ArrayList.forEach(ArrayList.java:1511)
	at java.base/java.util.concurrent.FutureTask.run(FutureTask.java:264)
	at java.base/java.util.concurrent.ThreadPoolExecutor.runWorker(ThreadPoolExecutor.java:1136)
	at java.base/java.util.concurrent.ThreadPoolExecutor$Worker.run(ThreadPoolExecutor.java:635)
	at java.base/java.lang.Thread.run(Thread.java:833)
... Removed 18 stack frames</div></td></tr></table><p class="totop"><a href="#summary">back to summary</a></p>
<h3 id="m12">tests.TestRunner#loginPageNavigationTest</h3><table class="result"><tr><th class="invisible"/></tr></table><p class="totop"><a href="#summary">back to summary</a></p>
<h3 id="m13">tests.TestRunner#searchTest</h3><table class="result"><tr class="param"><th>Parameter #1</th></tr><tr class="param stripe"><td>T-shirt</td></tr></table><p class="totop"><a href="#summary">back to summary</a></p>
</body>
</html>
